TN:
SF:lib/proposalWriter.js
FN:5,getGroq
FN:28,generateProposal
FN:78,fallback
FNF:3
FNH:2
FNDA:0,getGroq
FNDA:5,generateProposal
FNDA:5,fallback
DA:4,1
DA:6,0
DA:7,0
DA:9,0
DA:12,1
DA:29,5
DA:31,0
DA:38,5
DA:64,5
DA:65,5
DA:71,0
DA:73,0
DA:74,0
DA:79,5
DA:80,5
LF:15
LH:8
BRDA:6,0,0,0
BRDA:6,0,1,0
BRDA:7,1,0,0
BRDA:7,1,1,0
BRDA:28,2,0,5
BRDA:29,3,0,5
BRDA:29,3,1,0
BRDA:31,4,0,0
BRDA:31,4,1,0
BRDA:32,5,0,0
BRDA:32,5,1,0
BRDA:33,6,0,0
BRDA:33,6,1,0
BRDA:38,7,0,0
BRDA:38,7,1,0
BRDA:48,8,0,0
BRDA:48,8,1,0
BRDA:48,9,0,0
BRDA:48,9,1,0
BRDA:49,10,0,0
BRDA:49,10,1,0
BRDA:61,11,0,0
BRDA:61,11,1,0
BRDA:68,12,0,0
BRDA:68,12,1,0
BRDA:71,13,0,0
BRDA:71,13,1,0
BRDA:79,14,0,5
BRDA:79,14,1,1
BRDA:79,15,0,5
BRDA:79,15,1,0
BRF:31
BRH:5
end_of_record
TN:
SF:lib/scorer.js
FN:116,geoScore
FN:119,(anonymous_1)
FN:120,(anonymous_2)
FN:122,(anonymous_3)
FN:126,nicheScore
FN:128,(anonymous_5)
FN:129,(anonymous_6)
FN:139,scopeScore
FN:148,freshnessScore
FN:158,proposalCountScore
FN:168,budgetScore
FN:184,paymentScore
FN:191,clientSpendScore
FN:202,scoreJob
FN:266,proposalTier
FNF:15
FNH:15
FNDA:26,geoScore
FNDA:214,(anonymous_1)
FNDA:95,(anonymous_2)
FNDA:14,(anonymous_3)
FNDA:23,nicheScore
FNDA:345,(anonymous_5)
FNDA:345,(anonymous_6)
FNDA:20,scopeScore
FNDA:19,freshnessScore
FNDA:13,proposalCountScore
FNDA:20,budgetScore
FNDA:17,paymentScore
FNDA:13,clientSpendScore
FNDA:20,scoreJob
FNDA:9,proposalTier
DA:14,2
DA:32,2
DA:45,2
DA:48,2
DA:65,2
DA:84,2
DA:95,2
DA:109,2
DA:117,26
DA:119,214
DA:120,95
DA:122,14
DA:123,2
DA:127,23
DA:128,345
DA:129,345
DA:131,23
DA:132,9
DA:133,5
DA:134,4
DA:135,3
DA:136,3
DA:140,20
DA:141,20
DA:142,19
DA:143,7
DA:144,2
DA:145,1
DA:149,19
DA:150,18
DA:151,18
DA:152,12
DA:153,2
DA:154,2
DA:155,2
DA:159,13
DA:160,10
DA:161,10
DA:162,0
DA:163,0
DA:164,0
DA:165,0
DA:169,20
DA:170,19
DA:171,16
DA:172,2
DA:173,1
DA:175,3
DA:176,3
DA:177,2
DA:178,1
DA:180,0
DA:185,17
DA:186,7
DA:187,6
DA:192,13
DA:193,0
DA:203,20
DA:204,20
DA:205,20
DA:206,20
DA:209,20
DA:210,153
DA:211,2
DA:219,18
DA:220,166
DA:221,4
DA:231,14
DA:232,14
DA:233,1
DA:242,13
DA:243,13
DA:244,13
DA:245,13
DA:246,20
DA:247,20
DA:248,20
DA:249,20
DA:250,20
DA:253,20
DA:254,20
DA:255,25
DA:256,1
DA:257,1
DA:258,1
DA:262,13
DA:267,9
DA:268,4
DA:269,2
LF:89
LH:83
BRDA:116,0,0,26
BRDA:119,1,0,16
BRDA:119,1,1,10
BRDA:120,2,0,2
BRDA:120,2,1,8
BRDA:122,3,0,6
BRDA:122,3,1,2
BRDA:122,4,0,8
BRDA:122,4,1,7
BRDA:126,5,0,23
BRDA:126,6,0,23
BRDA:126,7,0,23
BRDA:131,8,0,14
BRDA:131,8,1,9
BRDA:132,9,0,4
BRDA:132,9,1,5
BRDA:133,10,0,1
BRDA:133,10,1,4
BRDA:134,11,0,1
BRDA:134,11,1,3
BRDA:135,12,0,0
BRDA:135,12,1,3
BRDA:139,13,0,20
BRDA:140,14,0,20
BRDA:140,14,1,1
BRDA:141,15,0,1
BRDA:141,15,1,19
BRDA:142,16,0,12
BRDA:142,16,1,7
BRDA:143,17,0,5
BRDA:143,17,1,2
BRDA:144,18,0,1
BRDA:144,18,1,1
BRDA:149,19,0,1
BRDA:149,19,1,18
BRDA:151,20,0,6
BRDA:151,20,1,12
BRDA:152,21,0,10
BRDA:152,21,1,2
BRDA:153,22,0,0
BRDA:153,22,1,2
BRDA:154,23,0,0
BRDA:154,23,1,2
BRDA:159,24,0,3
BRDA:159,24,1,10
BRDA:160,25,0,0
BRDA:160,25,1,10
BRDA:161,26,0,10
BRDA:161,26,1,0
BRDA:162,27,0,0
BRDA:162,27,1,0
BRDA:163,28,0,0
BRDA:163,28,1,0
BRDA:164,29,0,0
BRDA:164,29,1,0
BRDA:169,30,0,1
BRDA:169,30,1,19
BRDA:170,31,0,16
BRDA:170,31,1,3
BRDA:171,32,0,14
BRDA:171,32,1,2
BRDA:172,33,0,1
BRDA:172,33,1,1
BRDA:175,34,0,3
BRDA:175,34,1,0
BRDA:176,35,0,1
BRDA:176,35,1,2
BRDA:177,36,0,1
BRDA:177,36,1,1
BRDA:185,37,0,10
BRDA:185,37,1,7
BRDA:186,38,0,1
BRDA:186,38,1,6
BRDA:192,39,0,13
BRDA:192,39,1,0
BRDA:203,40,0,20
BRDA:203,40,1,0
BRDA:204,41,0,20
BRDA:204,41,1,0
BRDA:205,42,0,20
BRDA:205,42,1,0
BRDA:210,43,0,2
BRDA:210,43,1,151
BRDA:210,44,0,153
BRDA:210,44,1,152
BRDA:220,45,0,4
BRDA:220,45,1,162
BRDA:232,46,0,1
BRDA:232,46,1,13
BRDA:245,47,0,13
BRDA:245,47,1,13
BRDA:248,48,0,20
BRDA:248,48,1,0
BRDA:249,49,0,20
BRDA:249,49,1,3
BRDA:255,50,0,1
BRDA:255,50,1,24
BRDA:255,51,0,25
BRDA:255,51,1,24
BRDA:267,52,0,5
BRDA:267,52,1,4
BRDA:268,53,0,2
BRDA:268,53,1,2
BRF:103
BRH:86
end_of_record
TN:
SF:lib/telegram.js
FN:5,sendMessage
FN:31,scoreBar
FN:37,budgetStr
FN:47,notifyHighScore
FN:71,notifyMediumScore
FN:91,notifyNewJob
FN:96,notifyFollowUp
FNF:7
FNH:7
FNDA:12,sendMessage
FNDA:8,scoreBar
FNDA:8,budgetStr
FNDA:7,notifyHighScore
FNDA:1,notifyMediumScore
FNDA:8,notifyNewJob
FNDA:1,notifyFollowUp
DA:1,1
DA:2,1
DA:3,1
DA:6,12
DA:16,12
DA:19,1
DA:33,8
DA:34,8
DA:38,8
DA:39,7
DA:43,1
DA:48,7
DA:49,7
DA:50,7
DA:52,7
DA:72,1
DA:73,1
DA:75,1
DA:92,8
DA:93,1
DA:97,1
DA:98,1
LF:22
LH:22
BRDA:38,0,0,7
BRDA:38,0,1,1
BRDA:39,1,0,6
BRDA:39,1,1,1
BRDA:40,2,0,6
BRDA:40,2,1,0
BRDA:49,3,0,7
BRDA:49,3,1,0
BRDA:50,4,0,7
BRDA:50,4,1,0
BRDA:59,5,0,7
BRDA:59,5,1,0
BRDA:59,6,0,7
BRDA:59,6,1,0
BRDA:73,7,0,1
BRDA:73,7,1,0
BRDA:83,8,0,1
BRDA:83,8,1,0
BRDA:92,9,0,7
BRDA:92,9,1,1
BRF:20
BRH:13
end_of_record
